TN:
SF:contracts/a2a-request.schema.json
FNF:0
FNH:0
DA:1,1
DA:2,1
DA:3,1
DA:4,1
DA:5,1
LF:5
LH:5
BRF:0
BRH:0
end_of_record
TN:
SF:contracts/message-send-params.schema.json
FNF:0
FNH:0
DA:1,1
DA:2,1
DA:3,1
DA:4,1
DA:5,1
LF:5
LH:5
BRF:0
BRH:0
end_of_record
TN:
SF:contracts/send-request.schema.json
FNF:0
FNH:0
DA:1,2
DA:2,2
DA:3,2
DA:4,2
DA:5,2
LF:5
LH:5
BRF:0
BRH:0
end_of_record
TN:
SF:plugins/bridgey-discord/src/a2a-bridge.ts
FN:2,(anonymous_0)
FN:8,(anonymous_1)
FN:33,(anonymous_2)
FNF:3
FNH:3
FNDA:8,(anonymous_0)
FNDA:5,(anonymous_1)
FNDA:3,(anonymous_2)
DA:3,8
DA:4,8
DA:5,8
DA:9,5
DA:10,5
DA:12,5
DA:15,5
DA:16,5
DA:19,5
DA:25,4
DA:26,1
DA:29,3
DA:30,3
DA:34,3
DA:35,3
DA:36,2
DA:38,1
LF:17
LH:17
BRDA:10,0,0,2
BRDA:10,0,1,3
BRDA:15,1,0,5
BRDA:15,1,1,0
BRDA:25,2,0,1
BRDA:25,2,1,3
BRF:6
BRH:5
end_of_record
TN:
SF:plugins/bridgey-discord/src/bot.ts
FN:9,(anonymous_0)
FN:14,(anonymous_1)
FN:29,(anonymous_2)
FN:30,(anonymous_3)
FN:39,(anonymous_4)
FN:76,(anonymous_5)
FNF:6
FNH:1
FNDA:0,(anonymous_0)
FNDA:0,(anonymous_1)
FNDA:0,(anonymous_2)
FNDA:0,(anonymous_3)
FNDA:13,(anonymous_4)
FNDA:0,(anonymous_5)
DA:7,0
DA:10,0
DA:11,0
DA:15,0
DA:16,0
DA:24,0
DA:26,0
DA:27,0
DA:29,0
DA:30,0
DA:31,0
DA:34,0
DA:35,0
DA:40,13
DA:42,12
DA:43,12
DA:45,11
DA:46,11
DA:48,10
DA:49,13
DA:50,13
DA:51,9
DA:52,9
DA:55,10
DA:56,10
DA:57,10
DA:60,9
DA:61,13
DA:62,10
DA:63,3
DA:65,7
DA:69,1
DA:70,1
DA:77,0
DA:78,0
DA:79,0
LF:36
LH:20
BRDA:40,0,0,1
BRDA:40,0,1,12
BRDA:43,1,0,1
BRDA:43,1,1,11
BRDA:46,2,0,1
BRDA:46,2,1,10
BRDA:48,3,0,3
BRDA:48,3,1,7
BRDA:50,4,0,9
BRDA:50,4,1,4
BRDA:60,5,0,9
BRDA:60,5,1,1
BRDA:62,6,0,3
BRDA:62,6,1,7
BRF:14
BRH:14
end_of_record
TN:
SF:plugins/bridgey-discord/src/config.ts
FN:17,loadConfig
FNF:1
FNH:1
FNDA:6,loadConfig
DA:3,2
DA:10,2
DA:18,6
LF:3
LH:3
BRF:0
BRH:0
end_of_record
TN:
SF:plugins/bridgey-discord/src/index.ts
FN:10,(anonymous_0)
FN:18,(anonymous_1)
FN:22,(anonymous_2)
FNF:3
FNH:2
FNDA:0,(anonymous_0)
FNDA:2,(anonymous_1)
FNDA:1,(anonymous_2)
DA:5,4
DA:6,4
DA:7,4
DA:9,4
DA:12,0
DA:13,0
DA:14,0
DA:18,4
DA:19,2
DA:22,4
DA:23,1
DA:24,1
LF:12
LH:9
BRDA:5,0,0,4
BRDA:5,0,1,0
BRDA:13,1,0,0
BRDA:13,1,1,0
BRF:4
BRH:1
end_of_record
TN:
SF:plugins/bridgey-tailscale/src/config.ts
FN:17,loadConfig
FNF:1
FNH:1
FNDA:9,loadConfig
DA:10,1
DA:18,9
DA:20,3
DA:21,3
DA:22,3
DA:24,1
LF:6
LH:6
BRDA:18,0,0,6
BRDA:18,0,1,3
BRDA:18,1,0,9
BRDA:18,1,1,4
BRF:4
BRH:4
end_of_record
TN:
SF:plugins/bridgey-tailscale/src/registrar.ts
FN:30,ensureDir
FN:34,readEntry
FN:42,readLocalDaemon
FN:44,(anonymous_3)
FN:54,registerTailnetAgent
FN:68,removeStaleTailnetAgents
FN:74,(anonymous_6)
FN:87,listTailnetAgents
FN:89,(anonymous_8)
FNF:9
FNH:9
FNDA:11,ensureDir
FNDA:13,readEntry
FNDA:4,readLocalDaemon
FNDA:4,(anonymous_3)
FNDA:2,registerTailnetAgent
FNDA:3,removeStaleTailnetAgents
FNDA:6,(anonymous_6)
FNDA:2,listTailnetAgents
FNDA:4,(anonymous_8)
DA:28,2
DA:31,11
DA:35,13
DA:36,13
DA:38,0
DA:43,4
DA:44,4
DA:46,4
DA:47,3
DA:48,3
DA:49,2
DA:51,2
DA:55,2
DA:56,2
DA:65,2
DA:72,3
DA:73,3
DA:74,6
DA:76,3
DA:77,6
DA:78,6
DA:79,4
DA:80,2
DA:81,2
DA:84,3
DA:88,2
DA:89,4
DA:90,2
DA:92,2
DA:93,4
DA:94,4
DA:96,2
LF:32
LH:31
BRDA:31,0,0,0
BRDA:31,0,1,11
BRDA:42,1,0,4
BRDA:48,2,0,1
BRDA:48,2,1,2
BRDA:48,3,0,3
BRDA:48,3,1,3
BRDA:48,3,2,2
BRDA:54,4,0,2
BRDA:70,5,0,3
BRDA:78,6,0,2
BRDA:78,6,1,4
BRDA:78,7,0,6
BRDA:78,7,1,6
BRDA:79,8,0,2
BRDA:79,8,1,2
BRDA:87,9,0,2
BRDA:94,10,0,2
BRDA:94,10,1,2
BRF:19
BRH:18
end_of_record
TN:
SF:plugins/bridgey-tailscale/src/scan-cli.ts
FN:5,main
FN:6,(anonymous_1)
FN:23,(anonymous_2)
FN:38,(anonymous_3)
FNF:4
FNH:4
FNDA:7,main
FNDA:16,(anonymous_1)
FNDA:2,(anonymous_2)
FNDA:2,(anonymous_3)
DA:6,16
DA:7,7
DA:9,7
DA:10,1
DA:13,7
DA:14,7
DA:15,1
DA:18,7
DA:19,7
DA:21,6
DA:22,6
DA:23,4
DA:25,4
DA:26,2
DA:34,4
DA:36,4
DA:38,2
DA:42,2
DA:43,2
DA:44,1
DA:46,2
DA:47,2
DA:51,7
LF:23
LH:23
BRDA:9,0,0,1
BRDA:9,0,1,6
BRDA:14,1,0,1
BRDA:14,1,1,6
BRDA:19,2,0,6
BRDA:19,2,1,1
BRDA:42,3,0,2
BRDA:42,3,1,0
BRDA:43,4,0,1
BRDA:43,4,1,1
BRDA:43,5,0,2
BRDA:43,5,1,1
BRF:12
BRH:11
end_of_record
TN:
SF:plugins/bridgey-tailscale/src/scanner.ts
FN:23,parseTailscaleStatus
FN:35,(anonymous_1)
FN:44,getTailscaleStatus
FN:49,probePeer
FN:84,scanTailnet
FN:90,(anonymous_5)
FNF:6
FNH:3
FNDA:5,parseTailscaleStatus
FNDA:4,(anonymous_1)
FNDA:0,getTailscaleStatus
FNDA:6,probePeer
FNDA:0,scanTailnet
FNDA:0,(anonymous_5)
DA:4,2
DA:27,5
DA:28,5
DA:30,4
DA:31,6
DA:32,5
DA:33,5
DA:35,4
DA:36,4
DA:38,4
DA:41,4
DA:45,0
DA:46,0
DA:54,6
DA:55,6
DA:58,3
DA:60,2
DA:61,2
DA:64,2
DA:65,1
DA:66,1
DA:72,1
DA:74,3
DA:85,0
DA:86,0
DA:87,0
DA:89,0
DA:91,0
DA:92,0
DA:96,0
DA:97,0
DA:100,0
DA:102,0
DA:110,0
LF:34
LH:21
BRDA:25,0,0,5
BRDA:28,1,0,1
BRDA:28,1,1,4
BRDA:31,2,0,1
BRDA:31,2,1,5
BRDA:32,3,0,0
BRDA:32,3,1,5
BRDA:33,4,0,1
BRDA:33,4,1,4
BRDA:36,5,0,0
BRDA:36,5,1,4
BRDA:52,6,0,6
BRDA:58,7,0,1
BRDA:58,7,1,2
BRDA:64,8,0,1
BRDA:64,8,1,1
BRDA:97,9,0,0
BRDA:97,9,1,0
BRDA:100,10,0,0
BRDA:100,10,1,0
BRF:20
BRH:14
end_of_record
TN:
SF:plugins/bridgey-tailscale/src/server.ts
FN:19,(anonymous_0)
FN:38,(anonymous_1)
FN:50,(anonymous_2)
FN:51,(anonymous_3)
FN:60,(anonymous_4)
FN:84,main
FNF:6
FNH:6
FNDA:8,(anonymous_0)
FNDA:5,(anonymous_1)
FNDA:5,(anonymous_2)
FNDA:2,(anonymous_3)
FNDA:6,(anonymous_4)
FNDA:8,main
DA:13,8
DA:15,8
DA:20,8
DA:22,8
DA:23,8
DA:24,1
DA:32,7
DA:33,7
DA:35,7
DA:36,7
DA:37,5
DA:38,5
DA:40,5
DA:41,5
DA:49,5
DA:50,5
DA:51,5
DA:54,5
DA:55,5
DA:56,2
DA:58,3
DA:59,3
DA:60,6
DA:61,5
DA:64,5
DA:65,1
DA:68,5
DA:70,2
DA:71,2
DA:72,1
DA:79,1
DA:85,8
DA:86,8
DA:89,8
LF:34
LH:34
BRDA:23,0,0,1
BRDA:23,0,1,7
BRDA:33,1,0,7
BRDA:33,1,1,0
BRDA:55,2,0,2
BRDA:55,2,1,3
BRDA:60,3,0,4
BRDA:60,3,1,1
BRDA:64,4,0,1
BRDA:64,4,1,4
BRDA:70,5,0,2
BRDA:70,5,1,0
BRDA:71,6,0,1
BRDA:71,6,1,1
BRF:14
BRH:12
end_of_record
TN:
SF:plugins/bridgey/daemon/src/a2a-client.ts
FN:9,sendA2AMessageStream
FN:26,(anonymous_1)
FN:87,sendA2AMessage
FN:108,(anonymous_3)
FN:110,(anonymous_4)
FN:124,(anonymous_5)
FN:130,(anonymous_6)
FN:141,(anonymous_7)
FNF:8
FNH:3
FNDA:0,sendA2AMessageStream
FNDA:0,(anonymous_1)
FNDA:10,sendA2AMessage
FNDA:14,(anonymous_3)
FNDA:0,(anonymous_4)
FNDA:0,(anonymous_5)
FNDA:0,(anonymous_6)
FNDA:7,(anonymous_7)
DA:15,0
DA:25,0
DA:26,0
DA:27,0
DA:29,0
DA:30,0
DA:41,0
DA:42,0
DA:43,0
DA:44,0
DA:47,0
DA:48,0
DA:49,0
DA:51,0
DA:52,0
DA:53,0
DA:55,0
DA:56,0
DA:57,0
DA:59,0
DA:60,0
DA:61,0
DA:62,0
DA:64,0
DA:65,0
DA:66,0
DA:67,0
DA:68,0
DA:76,0
DA:79,0
DA:93,10
DA:106,10
DA:107,10
DA:109,14
DA:110,14
DA:112,14
DA:113,14
DA:123,11
DA:124,1
DA:125,1
DA:126,1
DA:129,10
DA:130,3
DA:133,7
DA:135,14
DA:141,7
DA:145,7
DA:147,7
DA:148,1
DA:151,6
DA:152,6
DA:153,6
DA:156,0
DA:157,0
DA:159,3
DA:160,0
DA:162,3
DA:163,1
DA:165,2
DA:166,3
LF:60
LH:27
BRDA:21,0,0,0
BRDA:21,0,1,0
BRDA:41,1,0,0
BRDA:41,1,1,0
BRDA:41,2,0,0
BRDA:41,2,1,0
BRDA:53,3,0,0
BRDA:53,3,1,0
BRDA:57,4,0,0
BRDA:57,4,1,0
BRDA:60,5,0,0
BRDA:60,5,1,0
BRDA:64,6,0,0
BRDA:64,6,1,0
BRDA:66,7,0,0
BRDA:66,7,1,0
BRDA:102,8,0,2
BRDA:102,8,1,8
BRDA:123,9,0,1
BRDA:123,9,1,10
BRDA:123,10,0,11
BRDA:123,10,1,4
BRDA:129,11,0,3
BRDA:129,11,1,7
BRDA:147,12,0,1
BRDA:147,12,1,6
BRDA:152,13,0,6
BRDA:152,13,1,0
BRDA:156,14,0,0
BRDA:156,14,1,0
BRDA:157,15,0,0
BRDA:157,15,1,0
BRDA:159,16,0,0
BRDA:159,16,1,3
BRDA:159,17,0,3
BRDA:159,17,1,3
BRDA:162,18,0,1
BRDA:162,18,1,2
BRDA:163,19,0,1
BRDA:163,19,1,0
BRDA:165,20,0,2
BRDA:165,20,1,0
BRF:42
BRH:18
end_of_record
TN:
SF:plugins/bridgey/daemon/src/a2a-server.ts
FN:14,jsonRpcError
FN:18,jsonRpcResult
FN:25,a2aRoutes
FN:38,(anonymous_3)
FN:41,(anonymous_4)
FN:48,(anonymous_5)
FN:101,(anonymous_6)
FN:106,(anonymous_7)
FN:115,(anonymous_8)
FN:124,(anonymous_9)
FN:126,(anonymous_10)
FN:134,(anonymous_11)
FN:135,(anonymous_12)
FN:148,(anonymous_13)
FN:160,(anonymous_14)
FN:170,(anonymous_15)
FN:193,(anonymous_16)
FN:201,(anonymous_17)
FN:211,(anonymous_18)
FN:230,(anonymous_19)
FN:265,(anonymous_20)
FN:304,(anonymous_21)
FN:309,(anonymous_22)
FNF:23
FNH:17
FNDA:2,jsonRpcError
FNDA:2,jsonRpcResult
FNDA:4,a2aRoutes
FNDA:18,(anonymous_3)
FNDA:0,(anonymous_4)
FNDA:18,(anonymous_5)
FNDA:3,(anonymous_6)
FNDA:1,(anonymous_7)
FNDA:3,(anonymous_8)
FNDA:0,(anonymous_9)
FNDA:0,(anonymous_10)
FNDA:9,(anonymous_11)
FNDA:9,(anonymous_12)
FNDA:0,(anonymous_13)
FNDA:0,(anonymous_14)
FNDA:6,(anonymous_15)
FNDA:0,(anonymous_16)
FNDA:1,(anonymous_17)
FNDA:3,(anonymous_18)
FNDA:5,(anonymous_19)
FNDA:2,(anonymous_20)
FNDA:1,(anonymous_21)
FNDA:1,(anonymous_22)
DA:15,2
DA:19,2
DA:29,4
DA:30,4
DA:31,4
DA:38,4
DA:39,18
DA:40,18
DA:41,7
DA:42,0
DA:48,4
DA:49,18
DA:51,18
DA:52,18
DA:55,14
DA:56,14
DA:57,14
DA:58,13
DA:59,1
DA:60,1
DA:61,0
DA:62,0
DA:66,14
DA:67,14
DA:68,14
DA:69,11
DA:70,11
DA:71,4
DA:73,11
DA:74,4
DA:77,11
DA:78,4
DA:79,4
DA:80,2
DA:85,14
DA:86,14
DA:101,4
DA:102,3
DA:106,4
DA:107,1
DA:115,4
DA:116,3
DA:117,0
DA:120,3
DA:121,3
DA:124,3
DA:125,3
DA:126,0
DA:134,9
DA:135,9
DA:144,3
DA:148,4
DA:149,0
DA:150,0
DA:153,0
DA:154,0
DA:156,0
DA:160,4
DA:161,0
DA:162,0
DA:164,0
DA:165,0
DA:166,0
DA:170,4
DA:171,6
DA:172,0
DA:175,6
DA:176,0
DA:179,6
DA:181,6
DA:182,4
DA:185,2
DA:189,2
DA:192,2
DA:193,2
DA:194,2
DA:195,0
DA:196,0
DA:200,2
DA:201,2
DA:202,2
DA:203,1
DA:204,1
DA:209,2
DA:210,1
DA:211,3
DA:212,1
DA:213,0
DA:214,0
DA:218,2
DA:219,1
DA:222,1
DA:223,6
DA:224,1
DA:226,1
DA:230,4
DA:232,5
DA:233,0
DA:237,5
DA:238,0
DA:241,5
DA:243,5
DA:244,1
DA:247,4
DA:249,4
DA:252,2
DA:253,2
DA:254,0
DA:257,2
DA:258,2
DA:259,2
DA:262,2
DA:265,2
DA:270,2
DA:272,2
DA:284,2
DA:285,2
DA:286,1
DA:289,1
DA:290,1
DA:291,1
DA:294,2
DA:296,2
DA:303,2
DA:304,2
DA:306,2
DA:308,2
DA:309,2
DA:310,1
DA:311,3
DA:312,3
DA:313,3
DA:322,3
DA:326,1
DA:328,1
DA:329,1
DA:338,1
DA:341,0
DA:346,0
DA:348,1
DA:349,1
DA:353,0
LF:142
LH:115
BRDA:32,0,0,4
BRDA:32,0,1,4
BRDA:33,1,0,4
BRDA:33,1,1,4
BRDA:39,2,0,18
BRDA:39,2,1,11
BRDA:39,2,2,5
BRDA:40,3,0,7
BRDA:40,3,1,11
BRDA:52,4,0,4
BRDA:52,4,1,14
BRDA:57,5,0,13
BRDA:57,5,1,1
BRDA:57,6,0,14
BRDA:57,6,1,13
BRDA:59,7,0,1
BRDA:59,7,1,0
BRDA:61,8,0,0
BRDA:61,8,1,0
BRDA:68,9,0,11
BRDA:68,9,1,3
BRDA:68,10,0,14
BRDA:68,10,1,11
BRDA:70,11,0,4
BRDA:70,11,1,7
BRDA:73,12,0,4
BRDA:73,12,1,7
BRDA:77,13,0,4
BRDA:77,13,1,7
BRDA:77,14,0,11
BRDA:77,14,1,7
BRDA:77,14,2,4
BRDA:79,15,0,2
BRDA:79,15,1,2
BRDA:116,16,0,0
BRDA:116,16,1,3
BRDA:116,17,0,3
BRDA:116,17,1,1
BRDA:116,17,2,0
BRDA:149,18,0,0
BRDA:149,18,1,0
BRDA:149,19,0,0
BRDA:149,19,1,0
BRDA:149,19,2,0
BRDA:154,20,0,0
BRDA:154,20,1,0
BRDA:154,21,0,0
BRDA:154,21,1,0
BRDA:161,22,0,0
BRDA:161,22,1,0
BRDA:161,23,0,0
BRDA:161,23,1,0
BRDA:161,23,2,0
BRDA:165,24,0,0
BRDA:165,24,1,0
BRDA:165,25,0,0
BRDA:165,25,1,0
BRDA:171,26,0,0
BRDA:171,26,1,6
BRDA:171,27,0,6
BRDA:171,27,1,0
BRDA:171,27,2,0
BRDA:175,28,0,0
BRDA:175,28,1,6
BRDA:181,29,0,4
BRDA:181,29,1,2
BRDA:194,30,0,0
BRDA:194,30,1,2
BRDA:196,31,0,0
BRDA:196,31,1,0
BRDA:200,32,0,2
BRDA:200,32,1,0
BRDA:202,33,0,1
BRDA:202,33,1,1
BRDA:209,34,0,1
BRDA:209,34,1,1
BRDA:212,35,0,0
BRDA:212,35,1,1
BRDA:218,36,0,1
BRDA:218,36,1,1
BRDA:222,37,0,1
BRDA:222,37,1,1
BRDA:232,38,0,0
BRDA:232,38,1,5
BRDA:232,39,0,5
BRDA:232,39,1,0
BRDA:232,39,2,0
BRDA:237,40,0,0
BRDA:237,40,1,5
BRDA:243,41,0,1
BRDA:243,41,1,4
BRDA:249,42,0,2
BRDA:249,42,1,2
BRDA:249,42,2,0
BRDA:253,43,0,0
BRDA:253,43,1,2
BRDA:262,44,0,2
BRDA:262,44,1,1
BRDA:285,45,0,1
BRDA:285,45,1,1
BRDA:291,46,0,1
BRDA:291,46,1,1
BRDA:311,47,0,0
BRDA:311,47,1,3
BRDA:328,48,0,1
BRDA:328,48,1,0
BRDA:344,49,0,0
BRDA:344,49,1,0
BRF:108
BRH:66
end_of_record
TN:
SF:plugins/bridgey/daemon/src/agent-card.ts
FN:6,getLocalIP
FN:24,enrichFromClaudeMd
FN:35,(anonymous_2)
FN:64,generateAgentCard
FNF:4
FNH:3
FNDA:0,getLocalIP
FNDA:8,enrichFromClaudeMd
FNDA:2,(anonymous_2)
FNDA:5,generateAgentCard
DA:7,0
DA:8,0
DA:9,0
DA:10,0
DA:11,0
DA:12,0
DA:13,0
DA:17,0
DA:27,8
DA:28,8
DA:30,2
DA:31,2
DA:32,2
DA:34,2
DA:35,2
DA:36,2
DA:37,1
DA:40,2
DA:41,2
DA:42,2
DA:43,6
DA:44,1
DA:45,1
DA:47,5
DA:48,4
DA:49,2
DA:51,4
DA:54,2
DA:55,2
DA:57,0
DA:65,5
DA:66,5
DA:68,5
DA:69,5
DA:73,5
LF:35
LH:26
BRDA:10,0,0,0
BRDA:10,0,1,0
BRDA:12,1,0,0
BRDA:12,1,1,0
BRDA:12,2,0,0
BRDA:12,2,1,0
BRDA:28,3,0,6
BRDA:28,3,1,2
BRDA:36,4,0,1
BRDA:36,4,1,1
BRDA:43,5,0,1
BRDA:43,5,1,5
BRDA:47,6,0,1
BRDA:47,6,1,4
BRDA:48,7,0,2
BRDA:48,7,1,2
BRDA:48,8,0,4
BRDA:48,8,1,4
BRDA:51,9,0,0
BRDA:51,9,1,4
BRDA:55,10,0,2
BRDA:55,10,1,0
BRDA:65,11,0,5
BRDA:65,11,1,0
BRDA:69,12,0,0
BRDA:69,12,1,5
BRDA:87,13,0,5
BRDA:87,13,1,5
BRF:28
BRH:18
end_of_record
TN:
SF:plugins/bridgey/daemon/src/auth.ts
FN:13,validateToken
FN:30,isLocalAgent
FN:40,(anonymous_2)
FN:50,generateToken
FN:57,ipToLong
FN:61,(anonymous_5)
FN:67,isInCIDR
FN:77,isTrustedNetwork
FN:79,(anonymous_8)
FNF:9
FNH:8
FNDA:9,validateToken
FNDA:7,isLocalAgent
FNDA:21,(anonymous_2)
FNDA:0,generateToken
FNDA:42,ipToLong
FNDA:168,(anonymous_5)
FNDA:21,isInCIDR
FNDA:6,isTrustedNetwork
FNDA:7,(anonymous_8)
DA:8,4
DA:14,9
DA:15,9
DA:17,8
DA:18,8
DA:20,8
DA:21,8
DA:22,8
DA:23,8
DA:31,7
DA:32,7
DA:35,7
DA:36,7
DA:39,7
DA:40,21
DA:41,7
DA:43,0
DA:51,0
DA:58,42
DA:59,42
DA:60,42
DA:61,168
DA:68,21
DA:69,21
DA:70,21
DA:71,21
DA:78,6
DA:79,7
LF:28
LH:26
BRDA:15,0,0,1
BRDA:15,0,1,8
BRDA:18,1,0,0
BRDA:18,1,1,8
BRDA:18,2,0,8
BRDA:18,2,1,8
BRDA:22,3,0,0
BRDA:22,3,1,8
BRDA:30,4,0,7
BRDA:32,5,0,0
BRDA:32,5,1,7
BRDA:36,6,0,0
BRDA:36,6,1,7
BRDA:58,7,0,2
BRDA:58,7,1,40
BRDA:60,8,0,0
BRDA:60,8,1,42
BRDA:70,9,0,2
BRDA:70,9,1,19
BRDA:78,10,0,2
BRDA:78,10,1,4
BRF:21
BRH:16
end_of_record
TN:
SF:plugins/bridgey/daemon/src/db.ts
FN:13,initDB
FN:72,getDB
FN:77,closeDB
FN:84,saveMessage
FN:107,getMessages
FN:115,saveAgent
FN:135,getAgents
FN:154,getConfig
FN:162,setConfig
FN:170,saveAuditEntry
FN:180,getAuditLog
FN:189,incrementTurnCount
FN:194,getOrCreateConversation
FN:209,getConversation
FN:214,getConversationMessages
FNF:15
FNH:11
FNDA:5,initDB
FNDA:60,getDB
FNDA:5,closeDB
FNDA:8,saveMessage
FNDA:0,getMessages
FNDA:0,saveAgent
FNDA:5,getAgents
FNDA:0,getConfig
FNDA:0,setConfig
FNDA:22,saveAuditEntry
FNDA:4,getAuditLog
FNDA:8,incrementTurnCount
FNDA:11,getOrCreateConversation
FNDA:1,getConversation
FNDA:1,getConversationMessages
DA:8,5
DA:9,5
DA:11,5
DA:14,5
DA:16,5
DA:18,5
DA:19,5
DA:20,5
DA:22,5
DA:69,5
DA:73,60
DA:74,60
DA:78,5
DA:79,5
DA:80,5
DA:91,8
DA:92,8
DA:93,8
DA:95,8
DA:100,8
DA:101,8
DA:104,8
DA:108,0
DA:109,0
DA:112,0
DA:122,0
DA:123,0
DA:143,5
DA:144,5
DA:155,0
DA:156,0
DA:159,0
DA:163,0
DA:164,0
DA:171,22
DA:172,22
DA:173,22
DA:174,22
DA:181,4
DA:182,4
DA:190,8
DA:191,8
DA:195,11
DA:196,11
DA:197,3
DA:198,3
DA:200,2
DA:201,2
DA:203,10
DA:204,11
DA:205,11
DA:206,11
DA:210,1
DA:211,1
DA:215,1
DA:216,1
LF:56
LH:46
BRDA:14,0,0,0
BRDA:14,0,1,5
BRDA:73,1,0,0
BRDA:73,1,1,60
BRDA:78,2,0,5
BRDA:78,2,1,0
BRDA:100,3,0,8
BRDA:100,3,1,0
BRDA:107,4,0,0
BRDA:118,5,0,0
BRDA:119,6,0,0
BRDA:120,7,0,0
BRDA:180,8,0,4
BRDA:196,9,0,3
BRDA:196,9,1,8
BRDA:198,10,0,1
BRDA:198,10,1,2
BRDA:201,11,0,2
BRDA:201,11,1,0
BRDA:203,12,0,10
BRDA:203,12,1,10
BRDA:211,13,0,1
BRDA:211,13,1,0
BRF:23
BRH:13
end_of_record
TN:
SF:plugins/bridgey/daemon/src/executor.ts
FN:9,sanitize
FN:19,executePrompt
FN:24,(anonymous_2)
FN:64,(anonymous_3)
FN:68,(anonymous_4)
FN:72,(anonymous_5)
FN:77,(anonymous_6)
FN:82,(anonymous_7)
FN:124,executePromptStreaming
FN:150,(anonymous_9)
FN:155,(anonymous_10)
FNF:11
FNH:8
FNDA:16,sanitize
FNDA:16,executePrompt
FNDA:16,(anonymous_2)
FNDA:11,(anonymous_3)
FNDA:2,(anonymous_4)
FNDA:1,(anonymous_5)
FNDA:1,(anonymous_6)
FNDA:14,(anonymous_7)
FNDA:0,executePromptStreaming
FNDA:0,(anonymous_9)
FNDA:0,(anonymous_10)
DA:3,2
DA:4,2
DA:12,16
DA:24,16
DA:25,16
DA:27,16
DA:28,1
DA:31,16
DA:32,1
DA:33,1
DA:36,15
DA:45,15
DA:46,15
DA:47,15
DA:50,15
DA:51,15
DA:53,15
DA:62,15
DA:64,15
DA:65,11
DA:68,15
DA:69,2
DA:72,15
DA:73,1
DA:74,1
DA:77,15
DA:78,1
DA:79,1
DA:82,15
DA:83,14
DA:85,14
DA:86,1
DA:87,1
DA:90,13
DA:91,1
DA:92,1
DA:95,12
DA:96,12
DA:98,12
DA:99,14
DA:100,8
DA:101,2
DA:103,1
DA:106,1
DA:110,2
DA:111,1
DA:113,1
DA:129,0
DA:130,0
DA:131,0
DA:133,0
DA:134,0
DA:135,0
DA:138,0
DA:139,0
DA:140,0
DA:142,0
DA:148,0
DA:150,0
DA:152,0
DA:153,0
DA:154,0
DA:155,0
DA:156,0
DA:157,0
DA:158,0
DA:159,0
DA:160,0
DA:161,0
DA:164,0
DA:169,0
DA:171,0
DA:172,0
LF:73
LH:47
BRDA:27,0,0,1
BRDA:27,0,1,15
BRDA:31,1,0,1
BRDA:31,1,1,15
BRDA:85,2,0,1
BRDA:85,2,1,13
BRDA:90,3,0,1
BRDA:90,3,1,12
BRDA:98,4,0,12
BRDA:98,4,1,3
BRDA:98,4,2,2
BRDA:99,5,0,8
BRDA:99,5,1,2
BRDA:101,6,0,1
BRDA:101,6,1,1
BRDA:101,7,0,2
BRDA:101,7,1,1
BRDA:110,8,0,1
BRDA:110,8,1,1
BRDA:130,9,0,0
BRDA:130,9,1,0
BRDA:133,10,0,0
BRDA:133,10,1,0
BRDA:158,11,0,0
BRDA:158,11,1,0
BRDA:158,12,0,0
BRDA:158,12,1,0
BRDA:159,13,0,0
BRDA:159,13,1,0
BRDA:160,14,0,0
BRDA:160,14,1,0
BRDA:160,15,0,0
BRDA:160,15,1,0
BRDA:161,16,0,0
BRDA:161,16,1,0
BRDA:164,17,0,0
BRDA:164,17,1,0
BRDA:171,18,0,0
BRDA:171,18,1,0
BRF:39
BRH:19
end_of_record
TN:
SF:plugins/bridgey/daemon/src/queue.ts
FN:16,(anonymous_0)
FN:17,(anonymous_1)
FN:26,(anonymous_2)
FN:30,(anonymous_3)
FNF:4
FNH:4
FNDA:12,(anonymous_0)
FNDA:12,(anonymous_1)
FNDA:3,(anonymous_2)
FNDA:12,(anonymous_3)
DA:13,8
DA:14,8
DA:17,12
DA:18,12
DA:19,9
DA:21,12
DA:22,12
DA:27,3
DA:31,12
DA:32,9
DA:34,9
DA:36,9
DA:37,12
DA:38,12
DA:39,12
DA:40,11
DA:42,1
DA:46,9
DA:47,9
DA:48,9
LF:20
LH:20
BRDA:18,0,0,9
BRDA:18,0,1,3
BRDA:27,1,0,3
BRDA:27,1,1,2
BRDA:31,2,0,3
BRDA:31,2,1,9
BRDA:42,3,0,1
BRDA:42,3,1,0
BRDA:47,4,0,9
BRDA:47,4,1,0
BRF:10
BRH:8
end_of_record
TN:
SF:plugins/bridgey/daemon/src/rate-limiter.ts
FN:10,(anonymous_0)
FN:11,(anonymous_1)
FN:15,(anonymous_2)
FN:29,(anonymous_3)
FN:41,(anonymous_4)
FN:51,(anonymous_5)
FNF:6
FNH:6
FNDA:11,(anonymous_0)
FNDA:2,(anonymous_1)
FNDA:40,(anonymous_2)
FNDA:7,(anonymous_3)
FNDA:3,(anonymous_4)
FNDA:7,(anonymous_5)
DA:7,11
DA:10,11
DA:11,11
DA:16,40
DA:17,40
DA:19,40
DA:20,14
DA:21,14
DA:24,40
DA:25,40
DA:30,7
DA:31,7
DA:33,7
DA:34,3
DA:37,4
DA:42,3
DA:43,3
DA:44,3
DA:45,3
DA:52,7
DA:53,7
LF:21
LH:21
BRDA:19,0,0,14
BRDA:19,0,1,26
BRDA:19,1,0,40
BRDA:19,1,1,26
BRDA:33,2,0,3
BRDA:33,2,1,4
BRDA:33,3,0,7
BRDA:33,3,1,4
BRDA:44,4,0,3
BRDA:44,4,1,0
BRF:10
BRH:9
end_of_record
TN:
SF:plugins/bridgey/daemon/src/registry.ts
FN:8,ensureDir
FN:15,register
FN:24,unregister
FN:36,isProcessAlive
FN:48,listLocal
FN:55,(anonymous_5)
FN:88,watchRegistry
FN:92,(anonymous_7)
FNF:8
FNH:6
FNDA:16,ensureDir
FNDA:9,register
FNDA:4,unregister
FNDA:16,isProcessAlive
FNDA:7,listLocal
FNDA:16,(anonymous_5)
FNDA:0,watchRegistry
FNDA:0,(anonymous_7)
DA:6,4
DA:9,16
DA:16,9
DA:17,9
DA:18,9
DA:25,4
DA:26,4
DA:27,4
DA:37,16
DA:38,16
DA:39,16
DA:41,1
DA:49,7
DA:51,7
DA:54,7
DA:55,16
DA:57,0
DA:60,7
DA:61,16
DA:62,16
DA:63,16
DA:64,16
DA:66,16
DA:68,1
DA:69,1
DA:73,1
DA:76,15
DA:82,7
DA:89,0
DA:91,0
DA:92,0
DA:93,0
DA:94,0
LF:33
LH:27
BRDA:66,0,0,1
BRDA:66,0,1,15
BRDA:93,1,0,0
BRDA:93,1,1,0
BRDA:93,2,0,0
BRDA:93,2,1,0
BRF:6
BRH:2
end_of_record
TN:
SF:plugins/bridgey/daemon/src/retry.ts
FN:14,withRetry
FN:36,(anonymous_1)
FNF:2
FNH:2
FNDA:15,withRetry
FNDA:9,(anonymous_1)
DA:8,5
DA:18,15
DA:21,15
DA:22,24
DA:23,24
DA:25,14
DA:27,14
DA:28,2
DA:31,12
DA:32,9
DA:36,9
DA:41,12
LF:12
LH:12
BRDA:16,0,0,15
BRDA:25,1,0,14
BRDA:25,1,1,0
BRDA:27,2,0,2
BRDA:27,2,1,12
BRDA:27,3,0,14
BRDA:27,3,1,8
BRDA:31,4,0,9
BRDA:31,4,1,3
BRDA:34,5,0,9
BRDA:34,5,1,0
BRF:11
BRH:9
end_of_record
TN:
SF:plugins/bridgey/daemon/src/schemas.ts
FNF:0
FNH:0
DA:4,4
DA:13,4
DA:23,4
LF:3
LH:3
BRF:0
BRH:0
end_of_record
TN:
SF:plugins/bridgey/daemon/src/watchdog.ts
FN:16,buildWatchdogArgs
FN:43,shouldRestart
FN:58,startWatchdog
FN:63,spawnDaemon
FN:74,(anonymous_4)
FN:92,(anonymous_5)
FNF:6
FNH:2
FNDA:2,buildWatchdogArgs
FNDA:4,shouldRestart
FNDA:0,startWatchdog
FNDA:0,spawnDaemon
FNDA:0,(anonymous_4)
FNDA:0,(anonymous_5)
DA:17,2
DA:18,2
DA:19,2
DA:20,2
DA:21,2
DA:23,2
DA:24,4
DA:25,4
DA:26,2
DA:27,2
DA:28,1
DA:29,1
DA:30,1
DA:31,1
DA:32,0
DA:33,0
DA:34,0
DA:38,2
DA:49,4
DA:51,3
DA:53,2
DA:59,0
DA:60,0
DA:61,0
DA:64,0
DA:65,0
DA:66,0
DA:69,0
DA:74,0
DA:75,0
DA:76,0
DA:77,0
DA:80,0
DA:81,0
DA:82,0
DA:85,0
DA:88,0
DA:92,0
DA:93,0
DA:94,0
DA:98,0
DA:103,1
DA:104,1
DA:105,0
DA:106,0
LF:45
LH:20
BRDA:25,0,0,2
BRDA:25,0,1,2
BRDA:25,1,0,4
BRDA:25,1,1,2
BRDA:27,2,0,1
BRDA:27,2,1,1
BRDA:27,3,0,2
BRDA:27,3,1,1
BRDA:29,4,0,1
BRDA:29,4,1,0
BRDA:29,5,0,1
BRDA:29,5,1,1
BRDA:31,6,0,1
BRDA:31,6,1,0
BRDA:31,7,0,1
BRDA:31,7,1,1
BRDA:32,8,0,0
BRDA:32,8,1,0
BRDA:32,9,0,0
BRDA:32,9,1,0
BRDA:34,10,0,0
BRDA:34,10,1,0
BRDA:34,11,0,0
BRDA:34,11,1,0
BRDA:49,12,0,1
BRDA:49,12,1,3
BRDA:51,13,0,1
BRDA:51,13,1,2
BRDA:65,14,0,0
BRDA:65,14,1,0
BRDA:75,15,0,0
BRDA:75,15,1,0
BRDA:81,16,0,0
BRDA:81,16,1,0
BRDA:103,17,0,1
BRDA:103,17,1,0
BRDA:104,18,0,0
BRDA:104,18,1,1
BRDA:104,19,0,1
BRDA:104,19,1,1
BRF:40
BRH:22
end_of_record
